<?xml version="1.0" encoding="UTF-8" ?>
<testsuite tests="30" failures="0" name="testrunner.TestRunner" time="0.054" errors="2" skipped="1">
  <properties>
[...]
</properties>
  <testcase classname="| mydevopscloud@gmail.com | Test@123$ |" name="Given Open firefox browser and start application" time="0.008"/>
  <testcase classname="| mydevopscloud@gmail.com | Test@123$ |" name="When I enter valid &quot;mydevopscloud@gmail.com&quot; and &quot;Test@123$&quot; credentials" time="0"/>
  <testcase classname="| mydevopscloud@gmail.com | Test@123$ |" name="And Click login button" time="0"/>
  <testcase classname="| mydevopscloud@gmail.com | Test@123$ |" name="Then User should be able to login successfully" time="0"/>
  <testcase classname="| mydevopscloud@gmail.com | Test@123$ |" name="Then Application should be closed" time="0"/>
  <testcase classname="| mydevopscloud@gmail.com | Test@123$ |" name="| mydevopscloud@gmail.com | Test@123$ |" time="0.001"/>
  <testcase classname="| mydevopscloud@gmail.com | Test@123$ |" name="Given Open firefox browser and start application" time="0"/>
  <testcase classname="| mydevopscloud@gmail.com | Test@123$ |" name="When I enter valid &quot;mydevopscloud@gmail.com&quot; and &quot;Test@123$&quot; credentials" time="0.001"/>
  <testcase classname="| mydevopscloud@gmail.com | Test@123$ |" name="And Click login button" time="0"/>
  <testcase classname="| mydevopscloud@gmail.com | Test@123$ |" name="Then User should be able to login successfully" time="0"/>
  <testcase classname="| mydevopscloud@gmail.com | Test@123$ |" name="Then Application should be closed" time="0"/>
  <testcase classname="| mydevopscloud@gmail.com | Test@123$ |" name="| mydevopscloud@gmail.com | Test@123$ |" time="0.001"/>
  <testcase classname="| mydevopscloud@gmail.com | Test@123$45 |" name="Given Open firefox browser and start application" time="0"/>
  <testcase classname="| mydevopscloud@gmail.com | Test@123$45 |" name="When I enter valid &quot;mydevopscloud@gmail.com&quot; and &quot;Test@123$45&quot; credentials" time="0"/>
  <testcase classname="| mydevopscloud@gmail.com | Test@123$45 |" name="And Click login button" time="0"/>
  <testcase classname="| mydevopscloud@gmail.com | Test@123$45 |" name="Then User should not be able to login" time="0"/>
  <testcase classname="| mydevopscloud@gmail.com | Test@123$45 |" name="Then Application should be closed" time="0"/>
  <testcase classname="| mydevopscloud@gmail.com | Test@123$45 |" name="| mydevopscloud@gmail.com | Test@123$45 |" time="0.002"/>
  <testcase classname="| mydevopcloud@gmail.com | Test@123$99 |" name="Given Open firefox browser and start application" time="0"/>
  <testcase classname="| mydevopcloud@gmail.com | Test@123$99 |" name="When I enter valid &quot;mydevopcloud@gmail.com&quot; and &quot;Test@123$99&quot; credentials" time="0"/>
  <testcase classname="| mydevopcloud@gmail.com | Test@123$99 |" name="And Click login button" time="0"/>
  <testcase classname="| mydevopcloud@gmail.com | Test@123$99 |" name="Then User should not be able to login" time="0"/>
  <testcase classname="| mydevopcloud@gmail.com | Test@123$99 |" name="Then Application should be closed" time="0"/>
  <testcase classname="| mydevopcloud@gmail.com | Test@123$99 |" name="| mydevopcloud@gmail.com | Test@123$99 |" time="0.002"/>
  <testcase classname="| mydevopcloud@gmail.com | Test@123$ |" name="Given Open firefox browser and start application" time="0"/>
  <testcase classname="| mydevopcloud@gmail.com | Test@123$ |" name="When I enter valid &quot;mydevopcloud@gmail.com&quot; and &quot;Test@123$&quot; credentials" time="0"/>
  <testcase classname="| mydevopcloud@gmail.com | Test@123$ |" name="And Click login button" time="0"/>
  <testcase classname="| mydevopcloud@gmail.com | Test@123$ |" name="Then User should not be able to login" time="0.011">
    <error message="Unable to locate element: //*[@id=&quot;loginform&quot;]
For documentation on this error, please visit: https://www.seleniumhq.org/exceptions/no_such_element.html
Build info: version: &apos;3.141.59&apos;, revision: &apos;e82be7d358&apos;, time: &apos;2018-11-14T08:17:03&apos;
System info: host: &apos;DESKTOP-GETK66M&apos;, ip: &apos;172.28.32.1&apos;, os.name: &apos;Windows 10&apos;, os.arch: &apos;amd64&apos;, os.version: &apos;10.0&apos;, java.version: &apos;1.8.0_144&apos;
Driver info: org.openqa.selenium.firefox.FirefoxDriver
Capabilities {acceptInsecureCerts: true, browserName: firefox, browserVersion: 60.6.3, javascriptEnabled: true, moz:accessibilityChecks: false, moz:headless: false, moz:processID: 14080, moz:profile: C:\Users\BirendraRawal\AppD..., moz:useNonSpecCompliantPointerOrigin: false, moz:webdriverClick: true, pageLoadStrategy: normal, platform: XP, platformName: XP, platformVersion: 10.0, rotatable: false, timeouts: {implicit: 0, pageLoad: 300000, script: 30000}}
Session ID: 9728e2cb-77fe-4bc6-957f-2e5fc1e5946d
*** Element info: {Using=xpath, value=//*[@id=&quot;loginform&quot;]}" type="org.openqa.selenium.NoSuchElementException">org.openqa.selenium.NoSuchElementException: Unable to locate element: //*[@id=&quot;loginform&quot;]
For documentation on this error, please visit: https://www.seleniumhq.org/exceptions/no_such_element.html
Build info: version: &apos;3.141.59&apos;, revision: &apos;e82be7d358&apos;, time: &apos;2018-11-14T08:17:03&apos;
System info: host: &apos;DESKTOP-GETK66M&apos;, ip: &apos;172.28.32.1&apos;, os.name: &apos;Windows 10&apos;, os.arch: &apos;amd64&apos;, os.version: &apos;10.0&apos;, java.version: &apos;1.8.0_144&apos;
Driver info: org.openqa.selenium.firefox.FirefoxDriver
Capabilities {acceptInsecureCerts: true, browserName: firefox, browserVersion: 60.6.3, javascriptEnabled: true, moz:accessibilityChecks: false, moz:headless: false, moz:processID: 14080, moz:profile: C:\Users\BirendraRawal\AppD..., moz:useNonSpecCompliantPointerOrigin: false, moz:webdriverClick: true, pageLoadStrategy: normal, platform: XP, platformName: XP, platformVersion: 10.0, rotatable: false, timeouts: {implicit: 0, pageLoad: 300000, script: 30000}}
Session ID: 9728e2cb-77fe-4bc6-957f-2e5fc1e5946d
*** Element info: {Using=xpath, value=//*[@id=&quot;loginform&quot;]}
	at sun.reflect.NativeConstructorAccessorImpl.newInstance0(Native Method)
	at sun.reflect.NativeConstructorAccessorImpl.newInstance(NativeConstructorAccessorImpl.java:62)
	at sun.reflect.DelegatingConstructorAccessorImpl.newInstance(DelegatingConstructorAccessorImpl.java:45)
	at java.lang.reflect.Constructor.newInstance(Constructor.java:423)
	at org.openqa.selenium.remote.http.W3CHttpResponseCodec.createException(W3CHttpResponseCodec.java:187)
	at org.openqa.selenium.remote.http.W3CHttpResponseCodec.decode(W3CHttpResponseCodec.java:122)
	at org.openqa.selenium.remote.http.W3CHttpResponseCodec.decode(W3CHttpResponseCodec.java:49)
	at org.openqa.selenium.remote.HttpCommandExecutor.execute(HttpCommandExecutor.java:158)
	at org.openqa.selenium.remote.service.DriverCommandExecutor.execute(DriverCommandExecutor.java:83)
	at org.openqa.selenium.remote.RemoteWebDriver.execute(RemoteWebDriver.java:552)
	at org.openqa.selenium.remote.RemoteWebDriver.findElement(RemoteWebDriver.java:323)
	at org.openqa.selenium.remote.RemoteWebDriver.findElementByXPath(RemoteWebDriver.java:428)
	at org.openqa.selenium.By$ByXPath.findElement(By.java:353)
	at org.openqa.selenium.remote.RemoteWebDriver.findElement(RemoteWebDriver.java:315)
	at stepDefinition.SmokeTest.user_should_not_be_able_to_login(SmokeTest.java:74)
	at ✽.Then User should not be able to login(MyApplication.feature:18)
</error>
  </testcase>
  <testcase classname="| mydevopcloud@gmail.com | Test@123$ |" name="| mydevopcloud@gmail.com | Test@123$ |" time="0.013">
    <error message="Unable to locate element: //*[@id=&quot;loginform&quot;]
For documentation on this error, please visit: https://www.seleniumhq.org/exceptions/no_such_element.html
Build info: version: &apos;3.141.59&apos;, revision: &apos;e82be7d358&apos;, time: &apos;2018-11-14T08:17:03&apos;
System info: host: &apos;DESKTOP-GETK66M&apos;, ip: &apos;172.28.32.1&apos;, os.name: &apos;Windows 10&apos;, os.arch: &apos;amd64&apos;, os.version: &apos;10.0&apos;, java.version: &apos;1.8.0_144&apos;
Driver info: org.openqa.selenium.firefox.FirefoxDriver
Capabilities {acceptInsecureCerts: true, browserName: firefox, browserVersion: 60.6.3, javascriptEnabled: true, moz:accessibilityChecks: false, moz:headless: false, moz:processID: 14080, moz:profile: C:\Users\BirendraRawal\AppD..., moz:useNonSpecCompliantPointerOrigin: false, moz:webdriverClick: true, pageLoadStrategy: normal, platform: XP, platformName: XP, platformVersion: 10.0, rotatable: false, timeouts: {implicit: 0, pageLoad: 300000, script: 30000}}
Session ID: 9728e2cb-77fe-4bc6-957f-2e5fc1e5946d
*** Element info: {Using=xpath, value=//*[@id=&quot;loginform&quot;]}" type="org.openqa.selenium.NoSuchElementException">org.openqa.selenium.NoSuchElementException: Unable to locate element: //*[@id=&quot;loginform&quot;]
For documentation on this error, please visit: https://www.seleniumhq.org/exceptions/no_such_element.html
Build info: version: &apos;3.141.59&apos;, revision: &apos;e82be7d358&apos;, time: &apos;2018-11-14T08:17:03&apos;
System info: host: &apos;DESKTOP-GETK66M&apos;, ip: &apos;172.28.32.1&apos;, os.name: &apos;Windows 10&apos;, os.arch: &apos;amd64&apos;, os.version: &apos;10.0&apos;, java.version: &apos;1.8.0_144&apos;
Driver info: org.openqa.selenium.firefox.FirefoxDriver
Capabilities {acceptInsecureCerts: true, browserName: firefox, browserVersion: 60.6.3, javascriptEnabled: true, moz:accessibilityChecks: false, moz:headless: false, moz:processID: 14080, moz:profile: C:\Users\BirendraRawal\AppD..., moz:useNonSpecCompliantPointerOrigin: false, moz:webdriverClick: true, pageLoadStrategy: normal, platform: XP, platformName: XP, platformVersion: 10.0, rotatable: false, timeouts: {implicit: 0, pageLoad: 300000, script: 30000}}
Session ID: 9728e2cb-77fe-4bc6-957f-2e5fc1e5946d
*** Element info: {Using=xpath, value=//*[@id=&quot;loginform&quot;]}
	at sun.reflect.NativeConstructorAccessorImpl.newInstance0(Native Method)
	at sun.reflect.NativeConstructorAccessorImpl.newInstance(NativeConstructorAccessorImpl.java:62)
	at sun.reflect.DelegatingConstructorAccessorImpl.newInstance(DelegatingConstructorAccessorImpl.java:45)
	at java.lang.reflect.Constructor.newInstance(Constructor.java:423)
	at org.openqa.selenium.remote.http.W3CHttpResponseCodec.createException(W3CHttpResponseCodec.java:187)
	at org.openqa.selenium.remote.http.W3CHttpResponseCodec.decode(W3CHttpResponseCodec.java:122)
	at org.openqa.selenium.remote.http.W3CHttpResponseCodec.decode(W3CHttpResponseCodec.java:49)
	at org.openqa.selenium.remote.HttpCommandExecutor.execute(HttpCommandExecutor.java:158)
	at org.openqa.selenium.remote.service.DriverCommandExecutor.execute(DriverCommandExecutor.java:83)
	at org.openqa.selenium.remote.RemoteWebDriver.execute(RemoteWebDriver.java:552)
	at org.openqa.selenium.remote.RemoteWebDriver.findElement(RemoteWebDriver.java:323)
	at org.openqa.selenium.remote.RemoteWebDriver.findElementByXPath(RemoteWebDriver.java:428)
	at org.openqa.selenium.By$ByXPath.findElement(By.java:353)
	at org.openqa.selenium.remote.RemoteWebDriver.findElement(RemoteWebDriver.java:315)
	at stepDefinition.SmokeTest.user_should_not_be_able_to_login(SmokeTest.java:74)
	at ✽.Then User should not be able to login(MyApplication.feature:18)
</error>
  </testcase>
  <testcase classname="| mydevopcloud@gmail.com | Test@123$ |" name="Then Application should be closed" time="0.015">
    <skipped/>
  </testcase>
</testsuite>